c:\users\gary\desktop\fsm-with-sprites\animationfsm\debug\vc141.pdb
c:\users\gary\desktop\fsm-with-sprites\animationfsm\debug\vc141.idb
c:\users\gary\desktop\fsm-with-sprites\animationfsm\debug\animatedsprite.obj
c:\users\gary\desktop\fsm-with-sprites\animationfsm\debug\animation.obj
c:\users\gary\desktop\fsm-with-sprites\animationfsm\debug\climbing.obj
c:\users\gary\desktop\fsm-with-sprites\animationfsm\debug\hammering.obj
c:\users\gary\desktop\fsm-with-sprites\animationfsm\debug\idle.obj
c:\users\gary\desktop\fsm-with-sprites\animationfsm\debug\input.obj
c:\users\gary\desktop\fsm-with-sprites\animationfsm\debug\jumping.obj
c:\users\gary\desktop\fsm-with-sprites\animationfsm\debug\main.obj
c:\users\gary\desktop\fsm-with-sprites\animationfsm\debug\player.obj
c:\users\gary\desktop\fsm-with-sprites\animationfsm\debug\shoveling.obj
c:\users\gary\desktop\fsm-with-sprites\animationfsm\debug\swordsmanship.obj
c:\users\gary\desktop\fsm-with-sprites\animationfsm\debug\walking.obj
c:\users\gary\desktop\fsm-with-sprites\debug\animationfsm.exe
c:\users\gary\desktop\fsm-with-sprites\debug\animationfsm.ilk
c:\users\gary\desktop\fsm-with-sprites\debug\animationfsm.pdb
c:\users\gary\desktop\fsm-with-sprites\animationfsm\debug\animationfsm.tlog\cl.command.1.tlog
c:\users\gary\desktop\fsm-with-sprites\animationfsm\debug\animationfsm.tlog\cl.read.1.tlog
c:\users\gary\desktop\fsm-with-sprites\animationfsm\debug\animationfsm.tlog\cl.write.1.tlog
c:\users\gary\desktop\fsm-with-sprites\animationfsm\debug\animationfsm.tlog\link.command.1.tlog
c:\users\gary\desktop\fsm-with-sprites\animationfsm\debug\animationfsm.tlog\link.read.1.tlog
c:\users\gary\desktop\fsm-with-sprites\animationfsm\debug\animationfsm.tlog\link.write.1.tlog
